Analysis & Synthesis report for matrix_topmodule
Sun Oct 13 18:32:04 2019
Quartus Prime Version 17.0.0 Build 595 04/25/2017 SJ Lite Edition


---------------------
; Table of Contents ;
---------------------
  1. Legal Notice
  2. Analysis & Synthesis Summary
  3. Analysis & Synthesis Settings
  4. Parallel Compilation
  5. Analysis & Synthesis Source Files Read
  6. Analysis & Synthesis Resource Usage Summary
  7. Analysis & Synthesis Resource Utilization by Entity
  8. State Machine - |matrix_topmodule|matrix_controller:u1|current_state
  9. Registers Removed During Synthesis
 10. Removed Registers Triggering Further Register Optimizations
 11. General Register Statistics
 12. Multiplexer Restructuring Statistics (Restructuring Performed)
 13. Port Connectivity Checks: "matrix_datapath:u0|mux_four_two:u3"
 14. Post-Synthesis Netlist Statistics for Top Partition
 15. Elapsed Time Per Partition
 16. Analysis & Synthesis Messages



----------------
; Legal Notice ;
----------------
Copyright (C) 2017  Intel Corporation. All rights reserved.
Your use of Intel Corporation's design tools, logic functions 
and other software and tools, and its AMPP partner logic 
functions, and any output files from any of the foregoing 
(including device programming or simulation files), and any 
associated documentation or information are expressly subject 
to the terms and conditions of the Intel Program License 
Subscription Agreement, the Intel Quartus Prime License Agreement,
the Intel MegaCore Function License Agreement, or other 
applicable license agreement, including, without limitation, 
that your use is for the sole purpose of programming logic 
devices manufactured by Intel and sold by Intel or its 
authorized distributors.  Please refer to the applicable 
agreement for further details.



+----------------------------------------------------------------------------------+
; Analysis & Synthesis Summary                                                     ;
+------------------------------------+---------------------------------------------+
; Analysis & Synthesis Status        ; Successful - Sun Oct 13 18:32:04 2019       ;
; Quartus Prime Version              ; 17.0.0 Build 595 04/25/2017 SJ Lite Edition ;
; Revision Name                      ; matrix_topmodule                            ;
; Top-level Entity Name              ; matrix_topmodule                            ;
; Family                             ; Cyclone IV E                                ;
; Total logic elements               ; 0                                           ;
;     Total combinational functions  ; 0                                           ;
;     Dedicated logic registers      ; 0                                           ;
; Total registers                    ; 0                                           ;
; Total pins                         ; 3                                           ;
; Total virtual pins                 ; 0                                           ;
; Total memory bits                  ; 0                                           ;
; Embedded Multiplier 9-bit elements ; 0                                           ;
; Total PLLs                         ; 0                                           ;
+------------------------------------+---------------------------------------------+


+----------------------------------------------------------------------------------------------------------------------+
; Analysis & Synthesis Settings                                                                                        ;
+----------------------------------------------------------------------------+--------------------+--------------------+
; Option                                                                     ; Setting            ; Default Value      ;
+----------------------------------------------------------------------------+--------------------+--------------------+
; Device                                                                     ; EP4CE22F17C6       ;                    ;
; Top-level entity name                                                      ; matrix_topmodule   ; matrix_topmodule   ;
; Family name                                                                ; Cyclone IV E       ; Cyclone V          ;
; Use smart compilation                                                      ; Off                ; Off                ;
; Enable parallel Assembler and TimeQuest Timing Analyzer during compilation ; On                 ; On                 ;
; Enable compact report table                                                ; Off                ; Off                ;
; Restructure Multiplexers                                                   ; Auto               ; Auto               ;
; Create Debugging Nodes for IP Cores                                        ; Off                ; Off                ;
; Preserve fewer node names                                                  ; On                 ; On                 ;
; OpenCore Plus hardware evaluation                                          ; Enable             ; Enable             ;
; Verilog Version                                                            ; Verilog_2001       ; Verilog_2001       ;
; VHDL Version                                                               ; VHDL_1993          ; VHDL_1993          ;
; State Machine Processing                                                   ; Auto               ; Auto               ;
; Safe State Machine                                                         ; Off                ; Off                ;
; Extract Verilog State Machines                                             ; On                 ; On                 ;
; Extract VHDL State Machines                                                ; On                 ; On                 ;
; Ignore Verilog initial constructs                                          ; Off                ; Off                ;
; Iteration limit for constant Verilog loops                                 ; 5000               ; 5000               ;
; Iteration limit for non-constant Verilog loops                             ; 250                ; 250                ;
; Add Pass-Through Logic to Inferred RAMs                                    ; On                 ; On                 ;
; Infer RAMs from Raw Logic                                                  ; On                 ; On                 ;
; Parallel Synthesis                                                         ; On                 ; On                 ;
; DSP Block Balancing                                                        ; Auto               ; Auto               ;
; NOT Gate Push-Back                                                         ; On                 ; On                 ;
; Power-Up Don't Care                                                        ; On                 ; On                 ;
; Remove Redundant Logic Cells                                               ; Off                ; Off                ;
; Remove Duplicate Registers                                                 ; On                 ; On                 ;
; Ignore CARRY Buffers                                                       ; Off                ; Off                ;
; Ignore CASCADE Buffers                                                     ; Off                ; Off                ;
; Ignore GLOBAL Buffers                                                      ; Off                ; Off                ;
; Ignore ROW GLOBAL Buffers                                                  ; Off                ; Off                ;
; Ignore LCELL Buffers                                                       ; Off                ; Off                ;
; Ignore SOFT Buffers                                                        ; On                 ; On                 ;
; Limit AHDL Integers to 32 Bits                                             ; Off                ; Off                ;
; Optimization Technique                                                     ; Balanced           ; Balanced           ;
; Carry Chain Length                                                         ; 70                 ; 70                 ;
; Auto Carry Chains                                                          ; On                 ; On                 ;
; Auto Open-Drain Pins                                                       ; On                 ; On                 ;
; Perform WYSIWYG Primitive Resynthesis                                      ; Off                ; Off                ;
; Auto ROM Replacement                                                       ; On                 ; On                 ;
; Auto RAM Replacement                                                       ; On                 ; On                 ;
; Auto DSP Block Replacement                                                 ; On                 ; On                 ;
; Auto Shift Register Replacement                                            ; Auto               ; Auto               ;
; Allow Shift Register Merging across Hierarchies                            ; Auto               ; Auto               ;
; Auto Clock Enable Replacement                                              ; On                 ; On                 ;
; Strict RAM Replacement                                                     ; Off                ; Off                ;
; Allow Synchronous Control Signals                                          ; On                 ; On                 ;
; Force Use of Synchronous Clear Signals                                     ; Off                ; Off                ;
; Auto RAM Block Balancing                                                   ; On                 ; On                 ;
; Auto RAM to Logic Cell Conversion                                          ; Off                ; Off                ;
; Auto Resource Sharing                                                      ; Off                ; Off                ;
; Allow Any RAM Size For Recognition                                         ; Off                ; Off                ;
; Allow Any ROM Size For Recognition                                         ; Off                ; Off                ;
; Allow Any Shift Register Size For Recognition                              ; Off                ; Off                ;
; Use LogicLock Constraints during Resource Balancing                        ; On                 ; On                 ;
; Ignore translate_off and synthesis_off directives                          ; Off                ; Off                ;
; Timing-Driven Synthesis                                                    ; On                 ; On                 ;
; Report Parameter Settings                                                  ; On                 ; On                 ;
; Report Source Assignments                                                  ; On                 ; On                 ;
; Report Connectivity Checks                                                 ; On                 ; On                 ;
; Ignore Maximum Fan-Out Assignments                                         ; Off                ; Off                ;
; Synchronization Register Chain Length                                      ; 2                  ; 2                  ;
; PowerPlay Power Optimization During Synthesis                              ; Normal compilation ; Normal compilation ;
; HDL message level                                                          ; Level2             ; Level2             ;
; Suppress Register Optimization Related Messages                            ; Off                ; Off                ;
; Number of Removed Registers Reported in Synthesis Report                   ; 5000               ; 5000               ;
; Number of Swept Nodes Reported in Synthesis Report                         ; 5000               ; 5000               ;
; Number of Inverted Registers Reported in Synthesis Report                  ; 100                ; 100                ;
; Clock MUX Protection                                                       ; On                 ; On                 ;
; Auto Gated Clock Conversion                                                ; Off                ; Off                ;
; Block Design Naming                                                        ; Auto               ; Auto               ;
; SDC constraint protection                                                  ; Off                ; Off                ;
; Synthesis Effort                                                           ; Auto               ; Auto               ;
; Shift Register Replacement - Allow Asynchronous Clear Signal               ; On                 ; On                 ;
; Pre-Mapping Resynthesis Optimization                                       ; Off                ; Off                ;
; Analysis & Synthesis Message Level                                         ; Medium             ; Medium             ;
; Disable Register Merging Across Hierarchies                                ; Auto               ; Auto               ;
; Resource Aware Inference For Block RAM                                     ; On                 ; On                 ;
+----------------------------------------------------------------------------+--------------------+--------------------+


+------------------------------------------+
; Parallel Compilation                     ;
+----------------------------+-------------+
; Processors                 ; Number      ;
+----------------------------+-------------+
; Number detected on machine ; 4           ;
; Maximum allowed            ; 2           ;
;                            ;             ;
; Average used               ; 1.00        ;
; Maximum used               ; 1           ;
;                            ;             ;
; Usage by Processor         ; % Time Used ;
;     Processor 1            ; 100.0%      ;
+----------------------------+-------------+


+------------------------------------------------------------------------------------------------------------------------------------------------------------------------+
; Analysis & Synthesis Source Files Read                                                                                                                                 ;
+----------------------------------+-----------------+-----------------+---------------------------------------------------------------------------------------+---------+
; File Name with User-Entered Path ; Used in Netlist ; File Type       ; File Name with Absolute Path                                                          ; Library ;
+----------------------------------+-----------------+-----------------+---------------------------------------------------------------------------------------+---------+
; ../../smaller_three.vhd          ; yes             ; User VHDL File  ; C:/Users/hp/Documents/GitHub/Matrix-Multiplier-Custom-Processor/smaller_three.vhd     ;         ;
; ../../smaller_four.vhd           ; yes             ; User VHDL File  ; C:/Users/hp/Documents/GitHub/Matrix-Multiplier-Custom-Processor/smaller_four.vhd      ;         ;
; ../../result_16bit.vhd           ; yes             ; User VHDL File  ; C:/Users/hp/Documents/GitHub/Matrix-Multiplier-Custom-Processor/result_16bit.vhd      ;         ;
; ../../reg_8bit.vhd               ; yes             ; User VHDL File  ; C:/Users/hp/Documents/GitHub/Matrix-Multiplier-Custom-Processor/reg_8bit.vhd          ;         ;
; ../../plus_one.vhd               ; yes             ; User VHDL File  ; C:/Users/hp/Documents/GitHub/Matrix-Multiplier-Custom-Processor/plus_one.vhd          ;         ;
; ../../mux_four_two.vhd           ; yes             ; User VHDL File  ; C:/Users/hp/Documents/GitHub/Matrix-Multiplier-Custom-Processor/mux_four_two.vhd      ;         ;
; ../../multiplier.vhd             ; yes             ; User VHDL File  ; C:/Users/hp/Documents/GitHub/Matrix-Multiplier-Custom-Processor/multiplier.vhd        ;         ;
; ../../matrix_topmodule.vhd       ; yes             ; User VHDL File  ; C:/Users/hp/Documents/GitHub/Matrix-Multiplier-Custom-Processor/matrix_topmodule.vhd  ;         ;
; ../../matrix_datapath.vhd        ; yes             ; User VHDL File  ; C:/Users/hp/Documents/GitHub/Matrix-Multiplier-Custom-Processor/matrix_datapath.vhd   ;         ;
; ../../matrix_controller.vhd      ; yes             ; User VHDL File  ; C:/Users/hp/Documents/GitHub/Matrix-Multiplier-Custom-Processor/matrix_controller.vhd ;         ;
; ../../matB_8bit.vhd              ; yes             ; User VHDL File  ; C:/Users/hp/Documents/GitHub/Matrix-Multiplier-Custom-Processor/matB_8bit.vhd         ;         ;
; ../../matA_8bit.vhd              ; yes             ; User VHDL File  ; C:/Users/hp/Documents/GitHub/Matrix-Multiplier-Custom-Processor/matA_8bit.vhd         ;         ;
; ../../adder.vhd                  ; yes             ; User VHDL File  ; C:/Users/hp/Documents/GitHub/Matrix-Multiplier-Custom-Processor/adder.vhd             ;         ;
+----------------------------------+-----------------+-----------------+---------------------------------------------------------------------------------------+---------+


+-----------------------------------------------------+
; Analysis & Synthesis Resource Usage Summary         ;
+---------------------------------------------+-------+
; Resource                                    ; Usage ;
+---------------------------------------------+-------+
;                                             ;       ;
; Total combinational functions               ; 0     ;
; Logic element usage by number of LUT inputs ;       ;
;     -- 4 input functions                    ; 0     ;
;     -- 3 input functions                    ; 0     ;
;     -- <=2 input functions                  ; 0     ;
;                                             ;       ;
; Logic elements by mode                      ;       ;
;     -- normal mode                          ; 0     ;
;     -- arithmetic mode                      ; 0     ;
;                                             ;       ;
; Total registers                             ; 0     ;
;     -- Dedicated logic registers            ; 0     ;
;     -- I/O registers                        ; 0     ;
;                                             ;       ;
; I/O pins                                    ; 3     ;
;                                             ;       ;
; Embedded Multiplier 9-bit elements          ; 0     ;
;                                             ;       ;
; Maximum fan-out node                        ; start ;
; Maximum fan-out                             ; 1     ;
; Total fan-out                               ; 3     ;
; Average fan-out                             ; 0.50  ;
+---------------------------------------------+-------+


+---------------------------------------------------------------------------------------------------------------------------------------------------------------------------------------------------------------+
; Analysis & Synthesis Resource Utilization by Entity                                                                                                                                                           ;
+----------------------------+---------------------+---------------------------+-------------+--------------+---------+-----------+------+--------------+---------------------+------------------+--------------+
; Compilation Hierarchy Node ; Combinational ALUTs ; Dedicated Logic Registers ; Memory Bits ; DSP Elements ; DSP 9x9 ; DSP 18x18 ; Pins ; Virtual Pins ; Full Hierarchy Name ; Entity Name      ; Library Name ;
+----------------------------+---------------------+---------------------------+-------------+--------------+---------+-----------+------+--------------+---------------------+------------------+--------------+
; |matrix_topmodule          ; 0 (0)               ; 0 (0)                     ; 0           ; 0            ; 0       ; 0         ; 3    ; 0            ; |matrix_topmodule   ; matrix_topmodule ; work         ;
+----------------------------+---------------------+---------------------------+-------------+--------------+---------+-----------+------+--------------+---------------------+------------------+--------------+
Note: For table entries with two numbers listed, the numbers in parentheses indicate the number of resources of the given type used by the specific entity alone. The numbers listed outside of parentheses indicate the total resources of the given type used by the specific entity and all of its sub-entities in the hierarchy.


Encoding Type:  One-Hot
+-----------------------------------------------------------------------------------------------------------------------------------------------------------------------------------------------------------------------------------------------------------------------------+
; State Machine - |matrix_topmodule|matrix_controller:u1|current_state                                                                                                                                                                                                        ;
+-------------------+-------------------+-------------------+-------------------+------------------+------------------+------------------+------------------+------------------+------------------+------------------+------------------+------------------+------------------+
; Name              ; current_state.s12 ; current_state.s11 ; current_state.s10 ; current_state.s9 ; current_state.s8 ; current_state.s7 ; current_state.s6 ; current_state.s5 ; current_state.s4 ; current_state.s3 ; current_state.s2 ; current_state.s1 ; current_state.s0 ;
+-------------------+-------------------+-------------------+-------------------+------------------+------------------+------------------+------------------+------------------+------------------+------------------+------------------+------------------+------------------+
; current_state.s0  ; 0                 ; 0                 ; 0                 ; 0                ; 0                ; 0                ; 0                ; 0                ; 0                ; 0                ; 0                ; 0                ; 0                ;
; current_state.s1  ; 0                 ; 0                 ; 0                 ; 0                ; 0                ; 0                ; 0                ; 0                ; 0                ; 0                ; 0                ; 1                ; 1                ;
; current_state.s2  ; 0                 ; 0                 ; 0                 ; 0                ; 0                ; 0                ; 0                ; 0                ; 0                ; 0                ; 1                ; 0                ; 1                ;
; current_state.s3  ; 0                 ; 0                 ; 0                 ; 0                ; 0                ; 0                ; 0                ; 0                ; 0                ; 1                ; 0                ; 0                ; 1                ;
; current_state.s4  ; 0                 ; 0                 ; 0                 ; 0                ; 0                ; 0                ; 0                ; 0                ; 1                ; 0                ; 0                ; 0                ; 1                ;
; current_state.s5  ; 0                 ; 0                 ; 0                 ; 0                ; 0                ; 0                ; 0                ; 1                ; 0                ; 0                ; 0                ; 0                ; 1                ;
; current_state.s6  ; 0                 ; 0                 ; 0                 ; 0                ; 0                ; 0                ; 1                ; 0                ; 0                ; 0                ; 0                ; 0                ; 1                ;
; current_state.s7  ; 0                 ; 0                 ; 0                 ; 0                ; 0                ; 1                ; 0                ; 0                ; 0                ; 0                ; 0                ; 0                ; 1                ;
; current_state.s8  ; 0                 ; 0                 ; 0                 ; 0                ; 1                ; 0                ; 0                ; 0                ; 0                ; 0                ; 0                ; 0                ; 1                ;
; current_state.s9  ; 0                 ; 0                 ; 0                 ; 1                ; 0                ; 0                ; 0                ; 0                ; 0                ; 0                ; 0                ; 0                ; 1                ;
; current_state.s10 ; 0                 ; 0                 ; 1                 ; 0                ; 0                ; 0                ; 0                ; 0                ; 0                ; 0                ; 0                ; 0                ; 1                ;
; current_state.s11 ; 0                 ; 1                 ; 0                 ; 0                ; 0                ; 0                ; 0                ; 0                ; 0                ; 0                ; 0                ; 0                ; 1                ;
; current_state.s12 ; 1                 ; 0                 ; 0                 ; 0                ; 0                ; 0                ; 0                ; 0                ; 0                ; 0                ; 0                ; 0                ; 1                ;
+-------------------+-------------------+-------------------+-------------------+------------------+------------------+------------------+------------------+------------------+------------------+------------------+------------------+------------------+------------------+


+-------------------------------------------------------------+
; Registers Removed During Synthesis                          ;
+----------------------------------------+--------------------+
; Register name                          ; Reason for Removal ;
+----------------------------------------+--------------------+
; matrix_datapath:u0|reg_8bit:u0|q[0..7] ; Lost fanout        ;
; matrix_datapath:u0|reg_8bit:u1|q[0..7] ; Lost fanout        ;
; matrix_datapath:u0|reg_8bit:u2|q[0..7] ; Lost fanout        ;
; matrix_controller:u1|current_state.s0  ; Lost fanout        ;
; matrix_controller:u1|current_state.s1  ; Lost fanout        ;
; matrix_controller:u1|current_state.s2  ; Lost fanout        ;
; matrix_controller:u1|current_state.s3  ; Lost fanout        ;
; matrix_controller:u1|current_state.s4  ; Lost fanout        ;
; matrix_controller:u1|current_state.s5  ; Lost fanout        ;
; matrix_controller:u1|current_state.s6  ; Lost fanout        ;
; matrix_controller:u1|current_state.s7  ; Lost fanout        ;
; matrix_controller:u1|current_state.s8  ; Lost fanout        ;
; matrix_controller:u1|current_state.s9  ; Lost fanout        ;
; matrix_controller:u1|current_state.s10 ; Lost fanout        ;
; matrix_controller:u1|current_state.s11 ; Lost fanout        ;
; matrix_controller:u1|current_state.s12 ; Lost fanout        ;
; Total Number of Removed Registers = 37 ;                    ;
+----------------------------------------+--------------------+


+------------------------------------------------------------------------------------------------------------------------------------------+
; Removed Registers Triggering Further Register Optimizations                                                                              ;
+-------------------------------------+--------------------+-------------------------------------------------------------------------------+
; Register name                       ; Reason for Removal ; Registers Removed due to This Register                                        ;
+-------------------------------------+--------------------+-------------------------------------------------------------------------------+
; matrix_datapath:u0|reg_8bit:u0|q[7] ; Lost Fanouts       ; matrix_controller:u1|current_state.s2, matrix_controller:u1|current_state.s12 ;
; matrix_datapath:u0|reg_8bit:u1|q[7] ; Lost Fanouts       ; matrix_controller:u1|current_state.s4, matrix_controller:u1|current_state.s11 ;
; matrix_datapath:u0|reg_8bit:u2|q[7] ; Lost Fanouts       ; matrix_controller:u1|current_state.s7, matrix_controller:u1|current_state.s10 ;
+-------------------------------------+--------------------+-------------------------------------------------------------------------------+


+------------------------------------------------------+
; General Register Statistics                          ;
+----------------------------------------------+-------+
; Statistic                                    ; Value ;
+----------------------------------------------+-------+
; Total registers                              ; 0     ;
; Number of registers using Synchronous Clear  ; 0     ;
; Number of registers using Synchronous Load   ; 0     ;
; Number of registers using Asynchronous Clear ; 0     ;
; Number of registers using Asynchronous Load  ; 0     ;
; Number of registers using Clock Enable       ; 0     ;
; Number of registers using Preset             ; 0     ;
+----------------------------------------------+-------+


+-------------------------------------------------------------------------------------------------------------------------------------------------------------------------+
; Multiplexer Restructuring Statistics (Restructuring Performed)                                                                                                          ;
+--------------------+-----------+---------------+----------------------+------------------------+------------+-----------------------------------------------------------+
; Multiplexer Inputs ; Bus Width ; Baseline Area ; Area if Restructured ; Saving if Restructured ; Registered ; Example Multiplexer Output                                ;
+--------------------+-----------+---------------+----------------------+------------------------+------------+-----------------------------------------------------------+
; 4:1                ; 8 bits    ; 16 LEs        ; 16 LEs               ; 0 LEs                  ; No         ; |matrix_topmodule|matrix_datapath:u0|mux_four_two:u3|Mux0 ;
+--------------------+-----------+---------------+----------------------+------------------------+------------+-----------------------------------------------------------+


+----------------------------------------------------------------+
; Port Connectivity Checks: "matrix_datapath:u0|mux_four_two:u3" ;
+------+-------+----------+--------------------------------------+
; Port ; Type  ; Severity ; Details                              ;
+------+-------+----------+--------------------------------------+
; d    ; Input ; Info     ; Stuck at GND                         ;
+------+-------+----------+--------------------------------------+


+-----------------------------------------------------+
; Post-Synthesis Netlist Statistics for Top Partition ;
+-------------------+---------------------------------+
; Type              ; Count                           ;
+-------------------+---------------------------------+
; boundary_port     ; 3                               ;
;                   ;                                 ;
; Max LUT depth     ; 0.00                            ;
; Average LUT depth ; 0.00                            ;
+-------------------+---------------------------------+


+-------------------------------+
; Elapsed Time Per Partition    ;
+----------------+--------------+
; Partition Name ; Elapsed Time ;
+----------------+--------------+
; Top            ; 00:00:00     ;
+----------------+--------------+


+-------------------------------+
; Analysis & Synthesis Messages ;
+-------------------------------+
Info: *******************************************************************
Info: Running Quartus Prime Analysis & Synthesis
    Info: Version 17.0.0 Build 595 04/25/2017 SJ Lite Edition
    Info: Processing started: Sun Oct 13 18:31:39 2019
Info: Command: quartus_map --read_settings_files=on --write_settings_files=off matrix_topmodule -c matrix_topmodule
Warning (18236): Number of processors has not been specified which may cause overloading on shared machines.  Set the global assignment NUM_PARALLEL_PROCESSORS in your QSF to an appropriate value for best performance.
Info (20030): Parallel compilation is enabled and will use 2 of the 2 processors detected
Info (12021): Found 2 design units, including 1 entities, in source file /users/hp/documents/github/matrix-multiplier-custom-processor/smaller_three.vhd
    Info (12022): Found design unit 1: smaller_three-rtl File: C:/Users/hp/Documents/GitHub/Matrix-Multiplier-Custom-Processor/smaller_three.vhd Line: 12
    Info (12023): Found entity 1: smaller_three File: C:/Users/hp/Documents/GitHub/Matrix-Multiplier-Custom-Processor/smaller_three.vhd Line: 5
Info (12021): Found 2 design units, including 1 entities, in source file /users/hp/documents/github/matrix-multiplier-custom-processor/smaller_four.vhd
    Info (12022): Found design unit 1: smaller_four-rtl File: C:/Users/hp/Documents/GitHub/Matrix-Multiplier-Custom-Processor/smaller_four.vhd Line: 12
    Info (12023): Found entity 1: smaller_four File: C:/Users/hp/Documents/GitHub/Matrix-Multiplier-Custom-Processor/smaller_four.vhd Line: 5
Info (12021): Found 2 design units, including 1 entities, in source file /users/hp/documents/github/matrix-multiplier-custom-processor/result_16bit.vhd
    Info (12022): Found design unit 1: result_16bit-rtl File: C:/Users/hp/Documents/GitHub/Matrix-Multiplier-Custom-Processor/result_16bit.vhd Line: 13
    Info (12023): Found entity 1: result_16bit File: C:/Users/hp/Documents/GitHub/Matrix-Multiplier-Custom-Processor/result_16bit.vhd Line: 5
Info (12021): Found 2 design units, including 1 entities, in source file /users/hp/documents/github/matrix-multiplier-custom-processor/reg_8bit.vhd
    Info (12022): Found design unit 1: reg_8bit-rtl File: C:/Users/hp/Documents/GitHub/Matrix-Multiplier-Custom-Processor/reg_8bit.vhd Line: 11
    Info (12023): Found entity 1: reg_8bit File: C:/Users/hp/Documents/GitHub/Matrix-Multiplier-Custom-Processor/reg_8bit.vhd Line: 5
Info (12021): Found 2 design units, including 1 entities, in source file /users/hp/documents/github/matrix-multiplier-custom-processor/plus_one.vhd
    Info (12022): Found design unit 1: plus_one-rtl File: C:/Users/hp/Documents/GitHub/Matrix-Multiplier-Custom-Processor/plus_one.vhd Line: 12
    Info (12023): Found entity 1: plus_one File: C:/Users/hp/Documents/GitHub/Matrix-Multiplier-Custom-Processor/plus_one.vhd Line: 5
Info (12021): Found 2 design units, including 1 entities, in source file /users/hp/documents/github/matrix-multiplier-custom-processor/mux_four_two.vhd
    Info (12022): Found design unit 1: mux_four_two-rtl File: C:/Users/hp/Documents/GitHub/Matrix-Multiplier-Custom-Processor/mux_four_two.vhd Line: 14
    Info (12023): Found entity 1: mux_four_two File: C:/Users/hp/Documents/GitHub/Matrix-Multiplier-Custom-Processor/mux_four_two.vhd Line: 5
Info (12021): Found 2 design units, including 1 entities, in source file /users/hp/documents/github/matrix-multiplier-custom-processor/multiplier.vhd
    Info (12022): Found design unit 1: multiplier-rtl File: C:/Users/hp/Documents/GitHub/Matrix-Multiplier-Custom-Processor/multiplier.vhd Line: 13
    Info (12023): Found entity 1: multiplier File: C:/Users/hp/Documents/GitHub/Matrix-Multiplier-Custom-Processor/multiplier.vhd Line: 5
Info (12021): Found 2 design units, including 1 entities, in source file /users/hp/documents/github/matrix-multiplier-custom-processor/matrix_topmodule.vhd
    Info (12022): Found design unit 1: matrix_topmodule-struct File: C:/Users/hp/Documents/GitHub/Matrix-Multiplier-Custom-Processor/matrix_topmodule.vhd Line: 9
    Info (12023): Found entity 1: matrix_topmodule File: C:/Users/hp/Documents/GitHub/Matrix-Multiplier-Custom-Processor/matrix_topmodule.vhd Line: 5
Info (12021): Found 2 design units, including 1 entities, in source file /users/hp/documents/github/matrix-multiplier-custom-processor/matrix_datapath.vhd
    Info (12022): Found design unit 1: matrix_datapath-struct File: C:/Users/hp/Documents/GitHub/Matrix-Multiplier-Custom-Processor/matrix_datapath.vhd Line: 14
    Info (12023): Found entity 1: matrix_datapath File: C:/Users/hp/Documents/GitHub/Matrix-Multiplier-Custom-Processor/matrix_datapath.vhd Line: 5
Info (12021): Found 2 design units, including 1 entities, in source file /users/hp/documents/github/matrix-multiplier-custom-processor/matrix_controller.vhd
    Info (12022): Found design unit 1: matrix_controller-rtl File: C:/Users/hp/Documents/GitHub/Matrix-Multiplier-Custom-Processor/matrix_controller.vhd Line: 11
    Info (12023): Found entity 1: matrix_controller File: C:/Users/hp/Documents/GitHub/Matrix-Multiplier-Custom-Processor/matrix_controller.vhd Line: 5
Info (12021): Found 2 design units, including 1 entities, in source file /users/hp/documents/github/matrix-multiplier-custom-processor/matb_8bit.vhd
    Info (12022): Found design unit 1: matB_8bit-rtl File: C:/Users/hp/Documents/GitHub/Matrix-Multiplier-Custom-Processor/matB_8bit.vhd Line: 12
    Info (12023): Found entity 1: matB_8bit File: C:/Users/hp/Documents/GitHub/Matrix-Multiplier-Custom-Processor/matB_8bit.vhd Line: 5
Info (12021): Found 2 design units, including 1 entities, in source file /users/hp/documents/github/matrix-multiplier-custom-processor/mata_8bit.vhd
    Info (12022): Found design unit 1: matA_8bit-rtl File: C:/Users/hp/Documents/GitHub/Matrix-Multiplier-Custom-Processor/matA_8bit.vhd Line: 12
    Info (12023): Found entity 1: matA_8bit File: C:/Users/hp/Documents/GitHub/Matrix-Multiplier-Custom-Processor/matA_8bit.vhd Line: 5
Info (12021): Found 2 design units, including 1 entities, in source file /users/hp/documents/github/matrix-multiplier-custom-processor/adder.vhd
    Info (12022): Found design unit 1: adder-rtl File: C:/Users/hp/Documents/GitHub/Matrix-Multiplier-Custom-Processor/adder.vhd Line: 13
    Info (12023): Found entity 1: adder File: C:/Users/hp/Documents/GitHub/Matrix-Multiplier-Custom-Processor/adder.vhd Line: 5
Info (12127): Elaborating entity "matrix_topmodule" for the top level hierarchy
Info (12128): Elaborating entity "matrix_datapath" for hierarchy "matrix_datapath:u0" File: C:/Users/hp/Documents/GitHub/Matrix-Multiplier-Custom-Processor/matrix_topmodule.vhd Line: 30
Info (12128): Elaborating entity "reg_8bit" for hierarchy "matrix_datapath:u0|reg_8bit:u0" File: C:/Users/hp/Documents/GitHub/Matrix-Multiplier-Custom-Processor/matrix_datapath.vhd Line: 94
Info (12128): Elaborating entity "mux_four_two" for hierarchy "matrix_datapath:u0|mux_four_two:u3" File: C:/Users/hp/Documents/GitHub/Matrix-Multiplier-Custom-Processor/matrix_datapath.vhd Line: 98
Info (12128): Elaborating entity "plus_one" for hierarchy "matrix_datapath:u0|plus_one:u4" File: C:/Users/hp/Documents/GitHub/Matrix-Multiplier-Custom-Processor/matrix_datapath.vhd Line: 99
Info (12128): Elaborating entity "smaller_three" for hierarchy "matrix_datapath:u0|smaller_three:u5" File: C:/Users/hp/Documents/GitHub/Matrix-Multiplier-Custom-Processor/matrix_datapath.vhd Line: 101
Info (12128): Elaborating entity "smaller_four" for hierarchy "matrix_datapath:u0|smaller_four:u7" File: C:/Users/hp/Documents/GitHub/Matrix-Multiplier-Custom-Processor/matrix_datapath.vhd Line: 103
Info (12128): Elaborating entity "matA_8bit" for hierarchy "matrix_datapath:u0|matA_8bit:u8" File: C:/Users/hp/Documents/GitHub/Matrix-Multiplier-Custom-Processor/matrix_datapath.vhd Line: 105
Info (12128): Elaborating entity "matB_8bit" for hierarchy "matrix_datapath:u0|matB_8bit:u9" File: C:/Users/hp/Documents/GitHub/Matrix-Multiplier-Custom-Processor/matrix_datapath.vhd Line: 106
Info (12128): Elaborating entity "multiplier" for hierarchy "matrix_datapath:u0|multiplier:u10" File: C:/Users/hp/Documents/GitHub/Matrix-Multiplier-Custom-Processor/matrix_datapath.vhd Line: 108
Info (12128): Elaborating entity "adder" for hierarchy "matrix_datapath:u0|adder:u11" File: C:/Users/hp/Documents/GitHub/Matrix-Multiplier-Custom-Processor/matrix_datapath.vhd Line: 109
Info (12128): Elaborating entity "result_16bit" for hierarchy "matrix_datapath:u0|result_16bit:u12" File: C:/Users/hp/Documents/GitHub/Matrix-Multiplier-Custom-Processor/matrix_datapath.vhd Line: 110
Info (10008): Verilog HDL or VHDL information: EDA Netlist Writer cannot regroup multidimensional array "program" into its bus
Info (12128): Elaborating entity "matrix_controller" for hierarchy "matrix_controller:u1" File: C:/Users/hp/Documents/GitHub/Matrix-Multiplier-Custom-Processor/matrix_topmodule.vhd Line: 31
Info (17049): 37 registers lost all their fanouts during netlist optimizations.
Info (16010): Generating hard_block partition "hard_block:auto_generated_inst"
    Info (16011): Adding 0 node(s), including 0 DDIO, 0 PLL, 0 transceiver and 0 LCELL
Warning (21074): Design contains 3 input pin(s) that do not drive logic
    Warning (15610): No output dependent on input pin "start" File: C:/Users/hp/Documents/GitHub/Matrix-Multiplier-Custom-Processor/matrix_topmodule.vhd Line: 6
    Warning (15610): No output dependent on input pin "clk" File: C:/Users/hp/Documents/GitHub/Matrix-Multiplier-Custom-Processor/matrix_topmodule.vhd Line: 6
    Warning (15610): No output dependent on input pin "reset" File: C:/Users/hp/Documents/GitHub/Matrix-Multiplier-Custom-Processor/matrix_topmodule.vhd Line: 6
Info (21057): Implemented 3 device resources after synthesis - the final resource count might be different
    Info (21058): Implemented 3 input pins
    Info (21059): Implemented 0 output pins
Info: Quartus Prime Analysis & Synthesis was successful. 0 errors, 5 warnings
    Info: Peak virtual memory: 653 megabytes
    Info: Processing ended: Sun Oct 13 18:32:04 2019
    Info: Elapsed time: 00:00:25
    Info: Total CPU time (on all processors): 00:00:50


